<?xml version="1.0" encoding="UTF-8"?>
<testsuite xmlns:xsi="http://www.w3.org/2001/XMLSchema-instance" xsi:noNamespaceSchemaLocation="https://maven.apache.org/surefire/maven-surefire-plugin/xsd/surefire-test-report-3.0.xsd" version="3.0" name="test.java.com.example.daa.SortingTest" time="0.089" tests="11" errors="0" skipped="0" failures="0">
  <properties>
[...]
</properties>
  <testcase name="quickSelectBasicTest" classname="test.java.com.example.daa.SortingTest" time="0.022"/>
  <testcase name="mergeSortRandomArraysTest" classname="test.java.com.example.daa.SortingTest" time="0.006"/>
  <testcase name="quickSortSorted100kDepthTest" classname="test.java.com.example.daa.SortingTest" time="0.02"/>
  <testcase name="allEqualElementsTest" classname="test.java.com.example.daa.SortingTest" time="0.0"/>
  <testcase name="invalidQuickSelectIndexTest" classname="test.java.com.example.daa.SortingTest" time="0.002"/>
  <testcase name="mergeSortBasicTest" classname="test.java.com.example.daa.SortingTest" time="0.001"/>
  <testcase name="oneElementTest" classname="test.java.com.example.daa.SortingTest" time="0.001"/>
  <testcase name="quickSortBasicTest" classname="test.java.com.example.daa.SortingTest" time="0.001"/>
  <testcase name="quickSortRandomArraysTest" classname="test.java.com.example.daa.SortingTest" time="0.003"/>
  <testcase name="emptyArrayTest" classname="test.java.com.example.daa.SortingTest" time="0.0"/>
  <testcase name="quickSelectRandomArraysTest" classname="test.java.com.example.daa.SortingTest" time="0.002"/>
</testsuite>